<?xml version="1.0" encoding="UTF-8"?>
<testsuite xmlns:xsi="http://www.w3.org/2001/XMLSchema-instance" xsi:noNamespaceSchemaLocation="https://maven.apache.org/surefire/maven-surefire-plugin/xsd/surefire-test-report-3.0.xsd" version="3.0" name="com.example.demo.GatewayRoutesIntegrationTest" time="4.589" tests="1" errors="0" skipped="0" failures="0">
  <properties>
[...]
</properties>
  <testcase name="deveRegistrarRotasDeAuthELoja" classname="com.example.demo.GatewayRoutesIntegrationTest" time="0.747">
    <system-out><![CDATA[00:11:10.357 [main] INFO org.springframework.test.context.support.AnnotationConfigContextLoaderUtils -- Could not detect default configuration classes for test class [com.example.demo.GatewayRoutesIntegrationTest]: GatewayRoutesIntegrationTest does not declare any static, non-private, non-final, nested classes annotated with @Configuration.
00:11:10.459 [main] INFO org.springframework.boot.test.context.SpringBootTestContextBootstrapper -- Found @SpringBootConfiguration com.example.demo.DemoApplication for test class com.example.demo.GatewayRoutesIntegrationTest

  .   ____          _            __ _ _
 /\\ / ___'_ __ _ _(_)_ __  __ _ \ \ \ \
( ( )\___ | '_ | '_| | '_ \/ _` | \ \ \ \
 \\/  ___)| |_)| | | | | || (_| |  ) ) ) )
  '  |____| .__|_| |_|_| |_\__, | / / / /
 =========|_|==============|___/=/_/_/_/
 :: Spring Boot ::                (v3.2.0)

2025-11-20T00:11:11.063-03:00  INFO 549493 --- [api-gateway] [           main] c.e.demo.GatewayRoutesIntegrationTest    : Starting GatewayRoutesIntegrationTest using Java 21.0.8 with PID 549493 (started by marco in /home/marco/Área de trabalho/tppe-final/store-management-dashboard/api-gateway/springboot/demo)
2025-11-20T00:11:11.065-03:00  INFO 549493 --- [api-gateway] [           main] c.e.demo.GatewayRoutesIntegrationTest    : The following 1 profile is active: "test"
2025-11-20T00:11:12.205-03:00  INFO 549493 --- [api-gateway] [           main] o.s.cloud.context.scope.GenericScope     : BeanFactory id=9cab48c9-8128-3ddf-ba18-1b2ac8e4c448
2025-11-20T00:11:13.137-03:00  INFO 549493 --- [api-gateway] [           main] o.s.c.g.r.RouteDefinitionRouteLocator    : Loaded RoutePredicateFactory [After]
2025-11-20T00:11:13.137-03:00  INFO 549493 --- [api-gateway] [           main] o.s.c.g.r.RouteDefinitionRouteLocator    : Loaded RoutePredicateFactory [Before]
2025-11-20T00:11:13.137-03:00  INFO 549493 --- [api-gateway] [           main] o.s.c.g.r.RouteDefinitionRouteLocator    : Loaded RoutePredicateFactory [Between]
2025-11-20T00:11:13.137-03:00  INFO 549493 --- [api-gateway] [           main] o.s.c.g.r.RouteDefinitionRouteLocator    : Loaded RoutePredicateFactory [Cookie]
2025-11-20T00:11:13.137-03:00  INFO 549493 --- [api-gateway] [           main] o.s.c.g.r.RouteDefinitionRouteLocator    : Loaded RoutePredicateFactory [Header]
2025-11-20T00:11:13.137-03:00  INFO 549493 --- [api-gateway] [           main] o.s.c.g.r.RouteDefinitionRouteLocator    : Loaded RoutePredicateFactory [Host]
2025-11-20T00:11:13.138-03:00  INFO 549493 --- [api-gateway] [           main] o.s.c.g.r.RouteDefinitionRouteLocator    : Loaded RoutePredicateFactory [Method]
2025-11-20T00:11:13.138-03:00  INFO 549493 --- [api-gateway] [           main] o.s.c.g.r.RouteDefinitionRouteLocator    : Loaded RoutePredicateFactory [Path]
2025-11-20T00:11:13.138-03:00  INFO 549493 --- [api-gateway] [           main] o.s.c.g.r.RouteDefinitionRouteLocator    : Loaded RoutePredicateFactory [Query]
2025-11-20T00:11:13.138-03:00  INFO 549493 --- [api-gateway] [           main] o.s.c.g.r.RouteDefinitionRouteLocator    : Loaded RoutePredicateFactory [ReadBody]
2025-11-20T00:11:13.138-03:00  INFO 549493 --- [api-gateway] [           main] o.s.c.g.r.RouteDefinitionRouteLocator    : Loaded RoutePredicateFactory [RemoteAddr]
2025-11-20T00:11:13.138-03:00  INFO 549493 --- [api-gateway] [           main] o.s.c.g.r.RouteDefinitionRouteLocator    : Loaded RoutePredicateFactory [XForwardedRemoteAddr]
2025-11-20T00:11:13.138-03:00  INFO 549493 --- [api-gateway] [           main] o.s.c.g.r.RouteDefinitionRouteLocator    : Loaded RoutePredicateFactory [Weight]
2025-11-20T00:11:13.138-03:00  INFO 549493 --- [api-gateway] [           main] o.s.c.g.r.RouteDefinitionRouteLocator    : Loaded RoutePredicateFactory [CloudFoundryRouteService]
2025-11-20T00:11:13.506-03:00  INFO 549493 --- [api-gateway] [           main] o.s.b.a.e.web.EndpointLinksResolver      : Exposing 2 endpoint(s) beneath base path '/actuator'
2025-11-20T00:11:13.975-03:00  INFO 549493 --- [api-gateway] [           main] o.s.b.web.embedded.netty.NettyWebServer  : Netty started on port 42089
2025-11-20T00:11:14.024-03:00  INFO 549493 --- [api-gateway] [           main] c.e.demo.GatewayRoutesIntegrationTest    : Started GatewayRoutesIntegrationTest in 3.443 seconds (process running for 4.349)
]]></system-out>
    <system-err><![CDATA[WARNING: A Java agent has been loaded dynamically (/home/marco/.m2/repository/net/bytebuddy/byte-buddy-agent/1.14.10/byte-buddy-agent-1.14.10.jar)
WARNING: If a serviceability tool is in use, please run with -XX:+EnableDynamicAgentLoading to hide this warning
WARNING: If a serviceability tool is not in use, please run with -Djdk.instrument.traceUsage for more information
WARNING: Dynamic loading of agents will be disallowed by default in a future release
]]></system-err>
  </testcase>
</testsuite>